<?xml version="1.0" encoding="UTF-8"?>
<!-- Generated by org.testng.reporters.JUnitReportReporter -->
<testsuite skipped="0" hostname="GET-0106" name="jokesAPI.JokesTests" tests="4" failures="0" timestamp="2019-11-29T02:15:24 GST" time="26.458" errors="0">
  <testcase name="getCategories" time="2.586" classname="jokesAPI.JokesTests"/>
  <testcase name="getRandomCategories" time="21.687" classname="jokesAPI.JokesTests"/>
  <testcase name="JokesChecks" time="1.401" classname="jokesAPI.JokesTests"/>
  <testcase name="NoJokesTest" time="0.784" classname="jokesAPI.JokesTests"/>
</testsuite> <!-- jokesAPI.JokesTests -->
